<?xml version="1.0" encoding="UTF-8"?>
<!-- Generated by org.testng.reporters.JUnitReportReporter -->
<testsuite hostname="DEEPAKs-MacBook-Air.local" failures="0" tests="4" name="com.qa.amazon.tests.LoginPageTest" time="10.732" errors="0" timestamp="2025-01-29T01:49:05 GMT" skipped="0">
  <testcase classname="com.qa.amazon.tests.LoginPageTest" name="loginPageNavigationTest" time="8.173"/>
  <system-out/>
  <testcase classname="com.qa.amazon.tests.LoginPageTest" name="forgotPwdLinkExistTest" time="0.105"/>
  <system-out/>
  <testcase classname="com.qa.amazon.tests.LoginPageTest" name="homepageURLTest" time="0.001"/>
  <system-out/>
  <testcase classname="com.qa.amazon.tests.LoginPageTest" name="appLoginTest" time="2.453"/>
  <system-out/>
</testsuite> <!-- com.qa.amazon.tests.LoginPageTest -->
