<?xml version="1.0" encoding="UTF-8"?>
<!-- Generated by org.testng.reporters.JUnitReportReporter -->
<testsuite hostname="DEEPAKs-MacBook-Air.local" failures="0" tests="5" name="com.qa.amazon.tests.HomePagetest" time="8.551" errors="0" timestamp="2025-01-30T21:26:30 GMT" skipped="0">
  <testcase classname="com.qa.amazon.tests.HomePagetest" name="searchtest" time="4.292"/>
  <system-out/>
  <testcase classname="com.qa.amazon.tests.HomePagetest" name="homepageTitleTest" time="1.165"/>
  <system-out/>
  <testcase classname="com.qa.amazon.tests.HomePagetest" name="searchtest" time="1.367"/>
  <system-out/>
  <testcase classname="com.qa.amazon.tests.HomePagetest" name="homepageURLTest" time="1.106"/>
  <system-out/>
  <testcase classname="com.qa.amazon.tests.HomePagetest" name="searchtest" time="0.621"/>
  <system-out/>
</testsuite> <!-- com.qa.amazon.tests.HomePagetest -->
