<?xml version="1.0" encoding="UTF-8"?>
<!-- Generated by org.testng.reporters.JUnitReportReporter -->
<testsuite hostname="DEEPAKs-MacBook-Air.local" failures="0" tests="5" name="com.qa.amazon.tests.HomePagetest" time="6.762" errors="0" timestamp="2025-01-29T01:49:05 GMT" skipped="0">
  <testcase classname="com.qa.amazon.tests.HomePagetest" name="searchtest" time="0.543"/>
  <system-out/>
  <testcase classname="com.qa.amazon.tests.HomePagetest" name="homepageTitleTest" time="1.069"/>
  <system-out/>
  <testcase classname="com.qa.amazon.tests.HomePagetest" name="homepageURLTest" time="0.009"/>
  <system-out/>
  <testcase classname="com.qa.amazon.tests.HomePagetest" name="searchtest" time="3.923"/>
  <system-out/>
  <testcase classname="com.qa.amazon.tests.HomePagetest" name="searchtest" time="1.218"/>
  <system-out/>
</testsuite> <!-- com.qa.amazon.tests.HomePagetest -->
